<?xml version="1.0" encoding="UTF-8"?>
<testng-results skipped="0" failed="0" ignored="0" total="1" passed="1">
  <reporter-output>
  </reporter-output>
  <suite name="Default suite" duration-ms="6821" started-at="2023-08-19T10:47:15Z" finished-at="2023-08-19T10:47:22Z">
    <groups>
    </groups>
    <test name="Default test" duration-ms="6821" started-at="2023-08-19T10:47:15Z" finished-at="2023-08-19T10:47:22Z">
      <class name="PageObject.Desktop_Paging_POM">
        <test-method status="PASS" signature="beforeClass()[pri:0, instance:PageObject.Desktop_Paging_POM@6d78f375]" name="beforeClass" is-config="true" duration-ms="4382" started-at="2023-08-19T10:47:15Z" finished-at="2023-08-19T10:47:20Z">
          <reporter-output>
          </reporter-output>
        </test-method> <!-- beforeClass -->
        <test-method status="PASS" signature="TC_01_Sort_A_to_Z()[pri:0, instance:PageObject.Desktop_Paging_POM@6d78f375]" name="TC_01_Sort_A_to_Z" duration-ms="1741" started-at="2023-08-19T10:47:20Z" finished-at="2023-08-19T10:47:21Z">
          <reporter-output>
          </reporter-output>
        </test-method> <!-- TC_01_Sort_A_to_Z -->
        <test-method status="PASS" signature="afterClas()[pri:0, instance:PageObject.Desktop_Paging_POM@6d78f375]" name="afterClas" is-config="true" duration-ms="668" started-at="2023-08-19T10:47:21Z" finished-at="2023-08-19T10:47:22Z">
          <reporter-output>
          </reporter-output>
        </test-method> <!-- afterClas -->
      </class> <!-- PageObject.Desktop_Paging_POM -->
    </test> <!-- Default test -->
  </suite> <!-- Default suite -->
</testng-results>
